
> prompt-studio@1.0.0 type-check
> tsc --noEmit

src/App.tsx(1,8): error TS6133: 'React' is declared but its value is never read.
src/App.tsx(4,3): error TS2305: Module '"./services/translationService"' has no exported member 'translateToMultipleLanguages'.
src/App.tsx(24,3): error TS6133: 'Sun' is declared but its value is never read.
src/App.tsx(25,3): error TS6133: 'Moon' is declared but its value is never read.
src/App.tsx(75,24): error TS7006: Parameter 'result' implicitly has an 'any' type.
src/app/page.tsx(3,8): error TS6133: 'React' is declared but its value is never read.
src/app/page.tsx(8,3): error TS6133: 'Activity' is declared but its value is never read.
src/app/page.tsx(16,3): error TS6133: 'Shield' is declared but its value is never read.
src/backend/api/middleware/auth.ts(50,54): error TS6133: 'res' is declared but its value is never read.
src/backend/api/middleware/errorHandler.ts(11,3): error TS6133: 'req' is declared but its value is never read.
src/backend/api/middleware/errorHandler.ts(13,3): error TS6133: 'next' is declared but its value is never read.
src/backend/api/middleware/safetyMiddleware.ts(17,3): error TS6133: 'SafetyAction' is declared but its value is never read.
src/backend/api/middleware/safetyMiddleware.ts(457,9): error TS6133: 'hasHighSeverity' is declared but its value is never read.
src/backend/api/routes/auth.ts(22,26): error TS6133: 'password' is declared but its value is never read.
src/backend/api/routes/auth.ts(55,23): error TS2769: No overload matches this call.
  Overload 1 of 5, '(payload: string | object | Buffer<ArrayBufferLike>, secretOrPrivateKey: null, options?: (SignOptions & { algorithm: "none"; }) | undefined): string', gave the following error.
    Argument of type 'string' is not assignable to parameter of type 'null'.
  Overload 2 of 5, '(payload: string | object | Buffer<ArrayBufferLike>, secretOrPrivateKey: Buffer<ArrayBufferLike> | Secret | JsonWebKeyInput | PrivateKeyInput, options?: SignOptions | undefined): string', gave the following error.
    Type 'string' is not assignable to type 'number | StringValue | undefined'.
  Overload 3 of 5, '(payload: string | object | Buffer<ArrayBufferLike>, secretOrPrivateKey: Buffer<ArrayBufferLike> | Secret | JsonWebKeyInput | PrivateKeyInput, callback: SignCallback): void', gave the following error.
    Object literal may only specify known properties, and 'expiresIn' does not exist in type 'SignCallback'.
src/backend/api/routes/auth.ts(118,23): error TS2769: No overload matches this call.
  Overload 1 of 5, '(payload: string | object | Buffer<ArrayBufferLike>, secretOrPrivateKey: null, options?: (SignOptions & { algorithm: "none"; }) | undefined): string', gave the following error.
    Argument of type 'string' is not assignable to parameter of type 'null'.
  Overload 2 of 5, '(payload: string | object | Buffer<ArrayBufferLike>, secretOrPrivateKey: Buffer<ArrayBufferLike> | Secret | JsonWebKeyInput | PrivateKeyInput, options?: SignOptions | undefined): string', gave the following error.
    Type 'string' is not assignable to type 'number | StringValue | undefined'.
  Overload 3 of 5, '(payload: string | object | Buffer<ArrayBufferLike>, secretOrPrivateKey: Buffer<ArrayBufferLike> | Secret | JsonWebKeyInput | PrivateKeyInput, callback: SignCallback): void', gave the following error.
    Object literal may only specify known properties, and 'expiresIn' does not exist in type 'SignCallback'.
src/backend/api/routes/auth.ts(225,30): error TS6133: 'req' is declared but its value is never read.
src/backend/api/routes/cache.ts(8,30): error TS6133: 'req' is declared but its value is never read.
src/backend/api/routes/cache.ts(154,33): error TS6133: 'req' is declared but its value is never read.
src/backend/api/routes/cache.ts(236,32): error TS6133: 'req' is declared but its value is never read.
src/backend/api/routes/cache.ts(254,30): error TS6133: 'req' is declared but its value is never read.
src/backend/api/routes/prediction.ts(236,30): error TS6133: 'req' is declared but its value is never read.
src/backend/api/routes/prompts.ts(5,1): error TS6133: 'RAGService' is declared but its value is never read.
src/backend/api/routes/prompts.ts(6,1): error TS6133: 'PromptChainService' is declared but its value is never read.
src/backend/api/routes/prompts.ts(510,49): error TS6133: 'req' is declared but its value is never read.
src/backend/api/routes/reasoning.ts(283,34): error TS6133: 'req' is declared but its value is never read.
src/backend/index.ts(45,21): error TS6133: 'req' is declared but its value is never read.
src/backend/services/AdaptiveRAGService.ts(80,5): error TS6133: 'knowledgeBaseId' is declared but its value is never read.
src/backend/services/AdaptiveRAGService.ts(342,5): error TS6133: 'format' is declared but its value is never read.
src/backend/services/analysisService.ts(3,25): error TS6133: 'ThoughtNode' is declared but its value is never read.
src/backend/services/analysisService.ts(149,5): error TS6133: 'criteria' is declared but its value is never read.
src/backend/services/analysisService.ts(185,51): error TS1210: Code contained in a class is evaluated in JavaScript's strict mode which does not allow this use of 'eval'. For more information, see https://developer.mozilla.org/en-US/docs/Web/JavaScript/Reference/Strict_mode.
src/backend/services/BayesianPromptOptimizer.ts(140,11): error TS6133: 'KK' is declared but its value is never read.
src/backend/services/BayesianPromptOptimizer.ts(390,43): error TS6133: 'iteration' is declared but its value is never read.
src/backend/services/BayesianPromptOptimizer.ts(525,35): error TS6133: 'iteration' is declared but its value is never read.
src/backend/services/LLMServiceAdapter.ts(1,1): error TS6133: 'PromptService' is declared but its value is never read.
src/backend/services/LLMServiceAdapter.ts(211,50): error TS6133: 'criteria' is declared but its value is never read.
src/backend/services/LLMServiceAdapter.ts(651,5): error TS6133: 'availableTools' is declared but its value is never read.
src/backend/services/LLMServiceAdapter.ts(820,5): error TS6133: 'executionResult' is declared but its value is never read.
src/backend/services/PreSendPredictionService.ts(2,1): error TS6133: 'PromptService' is declared but its value is never read.
src/backend/services/PreSendPredictionService.ts(291,5): error TS6133: 'model' is declared but its value is never read.
src/backend/services/PreSendPredictionService.ts(395,5): error TS6133: 'prompt' is declared but its value is never read.
src/backend/services/PreSendPredictionService.ts(463,5): error TS6133: 'prompt' is declared but its value is never read.
src/backend/services/PreSendPredictionService.ts(469,39): error TS2339: Property 'promptExecution' does not exist on type 'PrismaClient<PrismaClientOptions, never, DefaultArgs>'.
src/backend/services/PreSendPredictionService.ts(532,5): error TS6133: 'model' is declared but its value is never read.
src/backend/services/PromptChainService.ts(119,9): error TS2322: Type 'ChainStage[]' is not assignable to type 'JsonNull | InputJsonValue'.
  Type 'ChainStage[]' is not assignable to type 'InputJsonObject'.
    Index signature for type 'string' is missing in type 'ChainStage[]'.
src/backend/services/PromptOptimizationService.ts(218,5): error TS6133: 'generation' is declared but its value is never read.
src/backend/services/PromptOptimizationService.ts(262,5): error TS6133: 'acquisitionFunction' is declared but its value is never read.
src/backend/services/SelfRefinementService.ts(270,5): error TS6133: 'originalPrompt' is declared but its value is never read.
src/backend/services/SemanticCacheService.ts(4,1): error TS6133: 'redis' is declared but its value is never read.
src/backend/services/SemanticCacheService.ts(16,3): error TS6196: 'CacheStatistics' is declared but never used.
src/backend/services/SemanticCacheService.ts(71,9): error TS2322: Type 'InvalidationRule[]' is not assignable to type 'JsonNull | InputJsonValue | undefined'.
  Type 'InvalidationRule[]' is not assignable to type 'InputJsonObject'.
    Index signature for type 'string' is missing in type 'InvalidationRule[]'.
src/backend/services/TranslationService.ts(5,60): error TS6133: 'context' is declared but its value is never read.
src/backend/websocket/handlers/collaborationHandlers.ts(52,75): error TS2345: Argument of type 'MemberRole | null' is not assignable to parameter of type 'MemberRole | undefined'.
  Type 'null' is not assignable to type 'MemberRole | undefined'.
src/backend/websocket/handlers/presenceHandlers.ts(7,3): error TS6133: 'io' is declared but its value is never read.
src/backend/websocket/managers/CollaborationManager.ts(3,37): error TS6196: 'SessionMember' is declared but never used.
src/backend/websocket/managers/CRDTManager.ts(128,49): error TS6133: 'origin' is declared but its value is never read.
src/backend/websocket/managers/CRDTManager.ts(195,16): error TS6133: 'sessionId' is declared but its value is never read.
src/backend/websocket/managers/PresenceManager.ts(94,37): error TS6133: 'userId' is declared but its value is never read.
src/components/CloudDeployment/DeploymentConfigPanel.tsx(3,1): error TS6133: 'React' is declared but its value is never read.
src/components/CloudDeployment/DeploymentConfigPanel.tsx(5,39): error TS6133: 'Activity' is declared but its value is never read.
src/components/CloudDeployment/DeploymentConfigPanel.tsx(17,3): error TS6133: 'provider' is declared but its value is never read.
src/components/CloudDeployment/GeneratedFilesView.tsx(3,8): error TS6133: 'React' is declared but its value is never read.
src/components/CloudDeployment/index.tsx(3,8): error TS6133: 'React' is declared but its value is never read.
src/components/CloudDeployment/index.tsx(4,25): error TS6133: 'Globe' is declared but its value is never read.
src/components/CloudDeployment/index.tsx(4,32): error TS6133: 'Shield' is declared but its value is never read.
src/components/CloudDeployment/index.tsx(4,40): error TS6133: 'Activity' is declared but its value is never read.
src/components/CloudDeployment/index.tsx(4,50): error TS6133: 'Key' is declared but its value is never read.
src/components/CloudDeployment/index.tsx(4,55): error TS6133: 'Webhook' is declared but its value is never read.
src/components/CloudDeployment/index.tsx(4,82): error TS6133: 'Download' is declared but its value is never read.
src/components/CloudDeployment/index.tsx(4,92): error TS6133: 'Copy' is declared but its value is never read.
src/components/CloudDeployment/index.tsx(4,98): error TS6133: 'Check' is declared but its value is never read.
src/components/CloudDeployment/index.tsx(4,105): error TS6133: 'ChevronRight' is declared but its value is never read.
src/components/CloudDeployment/index.tsx(4,119): error TS6133: 'ExternalLink' is declared but its value is never read.
src/components/ComparisonView.tsx(102,33): error TS6133: 'index' is declared but its value is never read.
src/components/CulturalContextPanel.tsx(3,10): error TS6133: 'Settings' is declared but its value is never read.
src/components/ExportPanel.tsx(22,3): error TS6133: 'onClose' is declared but its value is never read.
src/components/LanguageSelector.tsx(2,20): error TS6133: 'LanguageInfo' is declared but its value is never read.
src/components/LanguageSelector.tsx(23,9): error TS6133: 'selectedLang' is declared but its value is never read.
src/components/PromptEditor/index.tsx(3,38): error TS6133: 'useCallback' is declared but its value is never read.
src/components/PromptEditor/index.tsx(11,3): error TS6133: 'ChevronDown' is declared but its value is never read.
src/components/PromptEditor/index.tsx(12,3): error TS6133: 'Thermometer' is declared but its value is never read.
src/components/PromptEditor/index.tsx(30,1): error TS6133: 'uuidv4' is declared but its value is never read.
src/components/SavedTranslations.tsx(11,3): error TS6133: 'Filter' is declared but its value is never read.
src/components/SDKGenerator/CodePreview.tsx(3,8): error TS6133: 'React' is declared but its value is never read.
src/components/SDKGenerator/CodePreview.tsx(11,10): error TS6133: 'highlightCode' is declared but its value is never read.
src/components/SDKGenerator/CodePreview.tsx(89,37): error TS6133: 'language' is declared but its value is never read.
src/components/SDKGenerator/index.tsx(3,8): error TS6133: 'React' is declared but its value is never read.
src/components/SDKGenerator/index.tsx(7,32): error TS6133: 'GeneratedSDK' is declared but its value is never read.
src/components/SDKGenerator/SDKOptionsPanel.tsx(3,1): error TS6133: 'React' is declared but its value is never read.
src/features/Chains/ChainsView.tsx(12,3): error TS6133: 'Panel' is declared but its value is never read.
src/features/Chains/ChainsView.tsx(17,3): error TS6133: 'Plus' is declared but its value is never read.
src/features/Chains/ChainsView.tsx(23,3): error TS6133: 'Repeat' is declared but its value is never read.
src/features/Editor/EditorView.tsx(8,3): error TS6133: 'Star' is declared but its value is never read.
src/features/Editor/EditorView.tsx(9,3): error TS6133: 'StarOff' is declared but its value is never read.
src/features/Editor/EditorView.tsx(10,3): error TS6133: 'MoreVertical' is declared but its value is never read.
src/features/Editor/EditorView.tsx(11,3): error TS6133: 'Play' is declared but its value is never read.
src/features/Editor/EditorView.tsx(38,5): error TS6133: 'setCategory' is declared but its value is never read.
src/features/Editor/ModelControlPanel.tsx(10,3): error TS6133: 'FileJson' is declared but its value is never read.
src/features/Editor/ModelControlPanel.tsx(14,3): error TS6133: 'Save' is declared but its value is never read.
src/features/Editor/ModelControlPanel.tsx(18,10): error TS2305: Module '"../../types"' has no exported member 'AI_MODELS'.
src/features/Editor/ModelControlPanel.tsx(18,21): error TS2305: Module '"../../types"' has no exported member 'DEFAULT_MODEL_CONFIG'.
src/features/Editor/ModelControlPanel.tsx(19,15): error TS2305: Module '"../../types"' has no exported member 'ModelConfig'.
src/features/Editor/ModelControlPanel.tsx(33,41): error TS7006: Parameter 'm' implicitly has an 'any' type.
src/features/Editor/ModelControlPanel.tsx(53,63): error TS7006: Parameter 's' implicitly has an 'any' type.
src/features/Editor/ModelControlPanel.tsx(109,31): error TS7006: Parameter 'model' implicitly has an 'any' type.
src/features/Editor/ModelControlPanel.tsx(306,56): error TS7006: Parameter 'seq' implicitly has an 'any' type.
src/features/Editor/ModelControlPanel.tsx(306,61): error TS7006: Parameter 'index' implicitly has an 'any' type.
src/features/Editor/PreSendAnalysis.tsx(3,8): error TS6133: 'React' is declared but its value is never read.
src/features/Editor/PreSendAnalysis.tsx(21,3): error TS6133: 'Percent' is declared but its value is never read.
src/features/Editor/PromptEditor.tsx(1,42): error TS6133: 'useState' is declared but its value is never read.
src/features/Editor/PromptEditor.tsx(21,30): error TS2554: Expected 1 arguments, but got 0.
src/features/Editor/PromptEditor.tsx(26,39): error TS7006: Parameter 'e' implicitly has an 'any' type.
src/features/Editor/SmartVariables.tsx(2,60): error TS6133: 'User' is declared but its value is never read.
src/features/Editor/SmartVariables.tsx(5,15): error TS2305: Module '"../../types"' has no exported member 'SmartVariable'.
src/features/Editor/TokenizerVisualization.tsx(6,10): error TS2305: Module '"../../types"' has no exported member 'AI_MODELS'.
src/features/Editor/TokenizerVisualization.tsx(32,45): error TS7006: Parameter 'm' implicitly has an 'any' type.
src/features/Editor/TokenizerVisualization.tsx(99,31): error TS7006: Parameter 'model' implicitly has an 'any' type.
src/features/Editor/TokenizerVisualization.tsx(140,40): error TS7006: Parameter 'token' implicitly has an 'any' type.
src/features/Editor/TokenizerVisualization.tsx(140,47): error TS7006: Parameter 'index' implicitly has an 'any' type.
src/features/Editor/ToolDefinitionPanel.tsx(15,15): error TS2305: Module '"../../types"' has no exported member 'ToolDefinition'.
src/features/Editor/ToolDefinitionPanel.tsx(15,31): error TS2305: Module '"../../types"' has no exported member 'JSONSchema'.
src/features/Editor/ToolDefinitionPanel.tsx(15,31): error TS6196: 'JSONSchema' is declared but never used.
src/features/History/HistoryView.tsx(12,3): error TS6133: 'Calendar' is declared but its value is never read.
src/features/History/HistoryView.tsx(20,15): error TS2305: Module '"../../types"' has no exported member 'Prompt'.
src/features/History/HistoryView.tsx(20,23): error TS2305: Module '"../../types"' has no exported member 'PromptVersion'.
src/features/History/HistoryView.tsx(98,18): error TS7006: Parameter 't' implicitly has an 'any' type.
src/features/History/HistoryView.tsx(278,43): error TS7006: Parameter 'tag' implicitly has an 'any' type.
src/features/Marketplace/MarketplaceView.tsx(9,3): error TS6133: 'TrendingUp' is declared but its value is never read.
src/features/Marketplace/MarketplaceView.tsx(10,3): error TS6133: 'Award' is declared but its value is never read.
src/features/Marketplace/MarketplaceView.tsx(13,3): error TS6133: 'ChevronDown' is declared but its value is never read.
src/features/Marketplace/MarketplaceView.tsx(17,3): error TS6133: 'Heart' is declared but its value is never read.
src/features/Marketplace/MarketplaceView.tsx(18,3): error TS6133: 'MessageSquare' is declared but its value is never read.
src/features/Marketplace/MarketplaceView.tsx(19,3): error TS6133: 'AlertCircle' is declared but its value is never read.
src/features/Marketplace/MarketplaceView.tsx(23,15): error TS2305: Module '"../../types"' has no exported member 'MarketplacePrompt'.
src/features/Marketplace/MarketplaceView.tsx(23,34): error TS2305: Module '"../../types"' has no exported member 'MarketplaceReview'.
src/features/Marketplace/MarketplaceView.tsx(23,34): error TS6196: 'MarketplaceReview' is declared but never used.
src/features/Marketplace/MarketplaceView.tsx(32,63): error TS2304: Cannot find name 'SAMPLE_PROMPTS'.
src/features/Marketplace/MarketplaceView.tsx(38,10): error TS6133: 'isLoading' is declared but its value is never read.
src/features/Marketplace/MarketplaceView.tsx(47,21): error TS6133: 'error' is declared but its value is never read.
src/features/Marketplace/MarketplaceView.tsx(47,37): error TS2304: Cannot find name 'supabase'.
src/features/Marketplace/MarketplaceView.tsx(67,22): error TS7006: Parameter 't' implicitly has an 'any' type.
src/features/Marketplace/MarketplaceView.tsx(298,49): error TS7006: Parameter 'tag' implicitly has an 'any' type.
src/features/Marketplace/MarketplaceView.tsx(446,43): error TS7006: Parameter 'tag' implicitly has an 'any' type.
src/features/Marketplace/MarketplaceView.tsx(486,52): error TS7006: Parameter 'v' implicitly has an 'any' type.
src/features/Settings/SettingsView.tsx(4,3): error TS6133: 'User' is declared but its value is never read.
src/features/Settings/SettingsView.tsx(5,3): error TS6133: 'Palette' is declared but its value is never read.
src/features/Settings/SettingsView.tsx(7,3): error TS6133: 'Bell' is declared but its value is never read.
src/features/Settings/SettingsView.tsx(9,3): error TS6133: 'Database' is declared but its value is never read.
src/features/Settings/SettingsView.tsx(10,3): error TS6133: 'Cloud' is declared but its value is never read.
src/features/Settings/SettingsView.tsx(12,3): error TS6133: 'Upload' is declared but its value is never read.
src/features/Settings/SettingsView.tsx(14,3): error TS6133: 'Key' is declared but its value is never read.
src/features/Settings/SettingsView.tsx(15,3): error TS6133: 'Globe' is declared but its value is never read.
src/features/Settings/SettingsView.tsx(16,3): error TS6133: 'Monitor' is declared but its value is never read.
src/features/Settings/SettingsView.tsx(20,3): error TS6133: 'Copy' is declared but its value is never read.
src/features/Settings/SettingsView.tsx(27,1): error TS6133: 'useEditorStore' is declared but its value is never read.
src/features/Settings/SettingsView.tsx(29,15): error TS2305: Module '"../../types"' has no exported member 'EnvironmentProfile'.
src/features/Settings/SettingsView.tsx(29,35): error TS2305: Module '"../../types"' has no exported member 'ModelConfig'.
src/features/Settings/SettingsView.tsx(30,10): error TS2305: Module '"../../types"' has no exported member 'DEFAULT_MODEL_CONFIG'.
src/features/Settings/SettingsView.tsx(30,32): error TS2305: Module '"../../types"' has no exported member 'AI_MODELS'.
src/features/Settings/SettingsView.tsx(30,43): error TS2305: Module '"../../types"' has no exported member 'SUPPORTED_LANGUAGES'.
src/features/Settings/SettingsView.tsx(108,19): error TS7006: Parameter 'd' implicitly has an 'any' type.
src/features/Settings/SettingsView.tsx(324,41): error TS7006: Parameter 'lang' implicitly has an 'any' type.
src/features/Settings/SettingsView.tsx(619,27): error TS7006: Parameter 'model' implicitly has an 'any' type.
src/features/Techniques/TechniquesView.tsx(7,3): error TS6133: 'ExternalLink' is declared but its value is never read.
src/features/Techniques/TechniquesView.tsx(22,25): error TS6133: 'getTechniqueBySlug' is declared but its value is never read.
src/features/Techniques/TechniquesView.tsx(23,15): error TS2305: Module '"../../types"' has no exported member 'Technique'.
src/features/Techniques/TechniquesView.tsx(215,46): error TS7006: Parameter 'tag' implicitly has an 'any' type.
src/features/Techniques/TechniquesView.tsx(257,51): error TS7006: Parameter 'useCase' implicitly has an 'any' type.
src/features/Techniques/TechniquesView.tsx(278,52): error TS7006: Parameter 'example' implicitly has an 'any' type.
src/features/Techniques/TechniquesView.tsx(278,61): error TS7006: Parameter 'index' implicitly has an 'any' type.
src/features/Techniques/TechniquesView.tsx(318,61): error TS7006: Parameter 'slug' implicitly has an 'any' type.
src/features/Templates/TemplatesView.tsx(23,15): error TS2305: Module '"../../types"' has no exported member 'Template'.
src/features/Templates/TemplatesView.tsx(24,10): error TS2305: Module '"../../types"' has no exported member 'TEMPLATE_CATEGORIES'.
src/features/Templates/TemplatesView.tsx(171,37): error TS7006: Parameter 'cat' implicitly has an 'any' type.
src/features/Templates/TemplatesView.tsx(224,48): error TS7006: Parameter 'c' implicitly has an 'any' type.
src/features/Templates/TemplatesView.tsx(421,33): error TS7006: Parameter 'tag' implicitly has an 'any' type.
src/features/Templates/TemplatesView.tsx(452,42): error TS7006: Parameter 'v' implicitly has an 'any' type.
src/features/Testing/TestingView.tsx(7,3): error TS6133: 'Download' is declared but its value is never read.
src/features/Testing/TestingView.tsx(11,3): error TS6133: 'XCircle' is declared but its value is never read.
src/features/Testing/TestingView.tsx(16,3): error TS6133: 'AlertTriangle' is declared but its value is never read.
src/features/Testing/TestingView.tsx(18,3): error TS6133: 'ChevronDown' is declared but its value is never read.
src/features/Testing/TestingView.tsx(19,3): error TS6133: 'ChevronRight' is declared but its value is never read.
src/features/Testing/TestingView.tsx(542,11): error TS6196: 'ReasoningPath' is declared but never used.
src/frontend/components/AdvancedPromptEditor.tsx(2,74): error TS6133: 'ShieldCheck' is declared but its value is never read.
src/frontend/components/collaboration/CollaborativeEditor.tsx(5,10): error TS6133: 'debounce' is declared but its value is never read.
src/frontend/components/collaboration/CommentsPanel.tsx(14,15): error TS2305: Module '"@shared/types/collaboration"' has no exported member 'Comment'.
src/frontend/components/collaboration/CommentsPanel.tsx(144,29): error TS7006: Parameter 'reply' implicitly has an 'any' type.
src/frontend/components/collaboration/HistoryPanel.tsx(4,10): error TS6133: 'formatDateTime' is declared but its value is never read.
src/frontend/components/collaboration/RemoteCursors.tsx(8,39): error TS6133: 'containerRef' is declared but its value is never read.
src/frontend/components/collaboration/SessionSettings.tsx(4,15): error TS2305: Module '"@shared/types/collaboration"' has no exported member 'CollaborationSession'.
src/frontend/components/collaboration/SessionSettings.tsx(4,37): error TS2305: Module '"@shared/types/collaboration"' has no exported member 'MemberRole'.
src/frontend/components/collaboration/SessionSettings.tsx(222,35): error TS7006: Parameter 'member' implicitly has an 'any' type.
src/frontend/components/Layout.tsx(7,3): error TS6133: 'User' is declared but its value is never read.
src/frontend/components/Layout.tsx(8,3): error TS6133: 'Settings' is declared but its value is never read.
src/frontend/components/PromptEditor/PromptChainEditor.tsx(8,3): error TS6133: 'History' is declared but its value is never read.
src/frontend/components/PromptEditor/PromptChainEditor.tsx(15,3): error TS6133: 'ChevronDown' is declared but its value is never read.
src/frontend/components/PromptEditor/PromptChainEditor.tsx(96,28): error TS6133: 'setChainDescription' is declared but its value is never read.
src/frontend/components/PromptEditor/PromptChainEditor.tsx(514,68): error TS2322: Type '{ className: string; title: string; }' is not assignable to type 'IntrinsicAttributes & LucideProps'.
  Property 'title' does not exist on type 'IntrinsicAttributes & LucideProps'.
src/frontend/components/ToolPlanViewer.tsx(10,3): error TS6133: 'Play' is declared but its value is never read.
src/frontend/features/History/RefinementHistory.tsx(8,3): error TS6133: 'TrendingUp' is declared but its value is never read.
src/frontend/features/History/RefinementHistory.tsx(11,3): error TS6133: 'AlertCircle' is declared but its value is never read.
src/frontend/features/History/ScoreChart.tsx(23,11): error TS6133: 'chartWidth' is declared but its value is never read.
src/frontend/pages/CacheDashboardPage.tsx(22,3): error TS6133: 'LineChart' is declared but its value is never read.
src/frontend/pages/CacheDashboardPage.tsx(23,3): error TS6133: 'Line' is declared but its value is never read.
src/frontend/pages/CacheDashboardPage.tsx(284,41): error TS7006: Parameter 'tag' implicitly has an 'any' type.
src/frontend/pages/CacheDashboardPage.tsx(364,44): error TS7006: Parameter 'tag' implicitly has an 'any' type.
src/frontend/pages/DashboardPage.tsx(15,3): error TS6133: 'Edit' is declared but its value is never read.
src/frontend/pages/ExperimentTestingPage.tsx(11,3): error TS6133: 'DollarSign' is declared but its value is never read.
src/frontend/pages/ExperimentTestingPage.tsx(14,3): error TS6133: 'Check' is declared but its value is never read.
src/frontend/pages/SessionPage.tsx(1,39): error TS6133: 'useCallback' is declared but its value is never read.
src/frontend/pages/SessionPage.tsx(3,1): error TS6133: 'Y' is declared but its value is never read.
src/frontend/pages/SessionPage.tsx(7,1): error TS6133: 'api' is declared but its value is never read.
src/frontend/pages/SessionPage.tsx(23,3): error TS6133: 'Copy' is declared but its value is never read.
src/frontend/pages/SessionPage.tsx(31,9): error TS6133: 'user' is declared but its value is never read.
src/frontend/pages/SessionPage.tsx(38,5): error TS6133: 'presence' is declared but its value is never read.
src/frontend/pages/SessionPage.tsx(40,5): error TS6133: 'setError' is declared but its value is never read.
src/frontend/pages/SessionPage.tsx(186,26): error TS2322: Type 'RefObject<HTMLDivElement | null>' is not assignable to type 'RefObject<HTMLDivElement>'.
  Type 'HTMLDivElement | null' is not assignable to type 'HTMLDivElement'.
    Type 'null' is not assignable to type 'HTMLDivElement'.
src/frontend/services/socket.ts(2,1): error TS6133: 'Y' is declared but its value is never read.
src/frontend/services/socket.ts(5,10): error TS2305: Module '"@shared/types/collaboration"' has no exported member 'CollaborationEvent'.
src/frontend/services/socket.ts(58,52): error TS7006: Parameter 'data' implicitly has an 'any' type.
src/frontend/services/socket.ts(71,53): error TS7006: Parameter 'data' implicitly has an 'any' type.
src/frontend/services/socket.ts(88,51): error TS7006: Parameter 'data' implicitly has an 'any' type.
src/frontend/services/socket.ts(96,56): error TS7006: Parameter 'data' implicitly has an 'any' type.
src/frontend/services/socket.ts(102,55): error TS7006: Parameter 'data' implicitly has an 'any' type.
src/frontend/services/socket.ts(115,57): error TS7006: Parameter 'data' implicitly has an 'any' type.
src/frontend/services/socket.ts(125,53): error TS7006: Parameter 'data' implicitly has an 'any' type.
src/frontend/services/socket.ts(129,56): error TS7006: Parameter 'data' implicitly has an 'any' type.
src/frontend/services/socket.ts(137,56): error TS7006: Parameter 'data' implicitly has an 'any' type.
src/frontend/services/socket.ts(146,59): error TS7006: Parameter 'data' implicitly has an 'any' type.
src/frontend/services/socket.ts(154,47): error TS7006: Parameter 'data' implicitly has an 'any' type.
src/frontend/store/authStore.ts(41,35): error TS18046: 'response.data' is of type 'unknown'.
src/frontend/store/authStore.ts(56,35): error TS18046: 'response.data' is of type 'unknown'.
src/frontend/store/authStore.ts(71,35): error TS18046: 'response.data' is of type 'unknown'.
src/frontend/store/authStore.ts(99,23): error TS18046: 'response.data' is of type 'unknown'.
src/frontend/store/cacheStore.ts(4,3): error TS2305: Module '"@shared/types/cache"' has no exported member 'CacheConfig'.
src/frontend/store/cacheStore.ts(5,3): error TS2305: Module '"@shared/types/cache"' has no exported member 'CacheAnalytics'.
src/frontend/store/cacheStore.ts(6,3): error TS2305: Module '"@shared/types/cache"' has no exported member 'SemanticCacheEntry'.
src/frontend/store/cacheStore.ts(45,21): error TS18046: 'response.data' is of type 'unknown'.
src/frontend/store/cacheStore.ts(58,21): error TS18046: 'response.data' is of type 'unknown'.
src/frontend/store/cacheStore.ts(71,24): error TS18046: 'response.data' is of type 'unknown'.
src/frontend/store/cacheStore.ts(87,18): error TS18046: 'response.data' is of type 'unknown'.
src/frontend/store/cacheStore.ts(88,23): error TS18046: 'response.data' is of type 'unknown'.
src/frontend/store/collaborationStore.ts(3,15): error TS2305: Module '"@shared/types/collaboration"' has no exported member 'UserPresence'.
src/frontend/store/collaborationStore.ts(3,29): error TS2305: Module '"@shared/types/collaboration"' has no exported member 'Comment'.
src/frontend/store/collaborationStore.ts(3,38): error TS2305: Module '"@shared/types/collaboration"' has no exported member 'CollaborationSession'.
src/frontend/store/collaborationStore.ts(3,60): error TS2305: Module '"@shared/types/collaboration"' has no exported member 'MemberRole'.
src/frontend/store/collaborationStore.ts(90,19): error TS6133: 'event' is declared but its value is never read.
src/lib/cloud-deployment/index.ts(4,3): error TS6133: 'DeploymentStatus' is declared but its value is never read.
src/lib/cloud-deployment/index.ts(6,3): error TS6133: 'RateLimitConfig' is declared but its value is never read.
src/lib/cloud-deployment/index.ts(7,3): error TS6133: 'WebhookConfig' is declared but its value is never read.
src/lib/cloud-deployment/index.ts(8,3): error TS6133: 'APIKeyConfig' is declared but its value is never read.
src/lib/cloud-deployment/index.ts(9,3): error TS6133: 'UsageMetrics' is declared but its value is never read.
src/lib/sdk-generator/python-template.ts(18,43): error TS6133: 'promptConfig' is declared but its value is never read.
src/lib/sdk-generator/typescript-template.ts(18,47): error TS6133: 'promptConfig' is declared but its value is never read.
src/lib/supabase.ts(1,30): error TS2307: Cannot find module '@supabase/supabase-js' or its corresponding type declarations.
src/services/analysisService.ts(1,15): error TS2305: Module '"../types"' has no exported member 'AnalysisResult'.
src/services/analysisService.ts(1,31): error TS2305: Module '"../types"' has no exported member 'PromptComponent'.
src/services/analysisService.ts(1,48): error TS2305: Module '"../types"' has no exported member 'AnalysisSuggestion'.
src/services/analysisService.ts(1,68): error TS2305: Module '"../types"' has no exported member 'AnalysisWarning'.
src/services/analysisService.ts(1,85): error TS2305: Module '"../types"' has no exported member 'TokenEstimate'.
src/services/analysisService.ts(1,100): error TS2305: Module '"../types"' has no exported member 'TokenVisualization'.
src/services/analysisService.ts(1,120): error TS2305: Module '"../types"' has no exported member 'Token'.
src/services/embedding-util.ts(1,10): error TS2614: Module '"openai"' has no exported member 'Configuration'. Did you mean to use 'import Configuration from "openai"' instead?
src/services/embedding-util.ts(1,25): error TS2724: '"openai"' has no exported member named 'OpenAIApi'. Did you mean 'OpenAI'?
src/services/LLMServiceAdapter.ts(1,10): error TS2614: Module '"openai"' has no exported member 'Configuration'. Did you mean to use 'import Configuration from "openai"' instead?
src/services/LLMServiceAdapter.ts(1,25): error TS2724: '"openai"' has no exported member named 'OpenAIApi'. Did you mean 'OpenAI'?
src/services/promptService.ts(2,15): error TS2305: Module '"../types"' has no exported member 'Prompt'.
src/services/promptService.ts(2,23): error TS2305: Module '"../types"' has no exported member 'PromptVersion'.
src/services/promptService.ts(2,38): error TS2305: Module '"../types"' has no exported member 'ModelConfig'.
src/services/promptService.ts(3,10): error TS2305: Module '"../types"' has no exported member 'DEFAULT_MODEL_CONFIG'.
src/services/templateService.ts(2,15): error TS2305: Module '"../types"' has no exported member 'Template'.
src/services/templateService.ts(2,25): error TS2305: Module '"../types"' has no exported member 'Technique'.
src/stores/appStore.ts(3,15): error TS2305: Module '"../types"' has no exported member 'UserPreferences'.
src/stores/appStore.ts(3,32): error TS2305: Module '"../types"' has no exported member 'ModelConfig'.
src/stores/appStore.ts(3,45): error TS2305: Module '"../types"' has no exported member 'Prompt'.
src/stores/appStore.ts(3,53): error TS2305: Module '"../types"' has no exported member 'EnvironmentProfile'.
src/stores/appStore.ts(4,10): error TS2305: Module '"../types"' has no exported member 'DEFAULT_MODEL_CONFIG'.
src/stores/appStore.ts(49,5): error TS2345: Argument of type '(set: (partial: AppState | Partial<AppState> | ((state: AppState) => AppState | Partial<AppState>), replace?: boolean | undefined) => void) => { ...; }' is not assignable to parameter of type 'StateCreator<{ sessionId: null; sessionToken: null; theme: string; sidebarCollapsed: boolean; activeView: string; preferences: { theme: string; language: string; editor_font_size: number; auto_save: boolean; show_line_numbers: boolean; }; ... 18 more ...; removeNotification: (id: any) => void; }, [...], []>'.
  Type '(set: (partial: AppState | Partial<AppState> | ((state: AppState) => AppState | Partial<AppState>), replace?: boolean | undefined) => void) => { ...; }' is not assignable to type '(setState: (partial: { sessionId: null; sessionToken: null; theme: string; sidebarCollapsed: boolean; activeView: string; preferences: { theme: string; language: string; editor_font_size: number; auto_save: boolean; show_line_numbers: boolean; }; ... 18 more ...; removeNotification: (id: any) => void; } | Partial<.....'.
    Types of parameters 'set' and 'setState' are incompatible.
      Type '(partial: { sessionId: null; sessionToken: null; theme: string; sidebarCollapsed: boolean; activeView: string; preferences: { theme: string; language: string; editor_font_size: number; auto_save: boolean; show_line_numbers: boolean; }; ... 18 more ...; removeNotification: (id: any) => void; } | Partial<...> | ((stat...' is not assignable to type '(partial: AppState | Partial<AppState> | ((state: AppState) => AppState | Partial<AppState>), replace?: boolean | undefined) => void'.
        Types of parameters 'partial' and 'partial' are incompatible.
          Type 'AppState | Partial<AppState> | ((state: AppState) => AppState | Partial<AppState>)' is not assignable to type '{ sessionId: null; sessionToken: null; theme: string; sidebarCollapsed: boolean; activeView: string; preferences: { theme: string; language: string; editor_font_size: number; auto_save: boolean; show_line_numbers: boolean; }; ... 18 more ...; removeNotification: (id: any) => void; } | Partial<...> | ((state: { ...; ...'.
            Type 'AppState' is not assignable to type '{ sessionId: null; sessionToken: null; theme: string; sidebarCollapsed: boolean; activeView: string; preferences: { theme: string; language: string; editor_font_size: number; auto_save: boolean; show_line_numbers: boolean; }; ... 18 more ...; removeNotification: (id: any) => void; } | Partial<...> | ((state: { ...; ...'.
              Type 'AppState' is not assignable to type 'Partial<{ sessionId: null; sessionToken: null; theme: string; sidebarCollapsed: boolean; activeView: string; preferences: { theme: string; language: string; editor_font_size: number; auto_save: boolean; show_line_numbers: boolean; }; ... 18 more ...; removeNotification: (id: any) => void; }>'.
                Types of property 'sessionId' are incompatible.
                  Type 'string | null' is not assignable to type 'null | undefined'.
                    Type 'string' is not assignable to type 'null | undefined'.
src/stores/appStore.ts(74,23): error TS7006: Parameter 'view' implicitly has an 'any' type.
src/stores/appStore.ts(75,24): error TS7006: Parameter 'preferences' implicitly has an 'any' type.
src/stores/appStore.ts(77,26): error TS7006: Parameter 'prompt' implicitly has an 'any' type.
src/stores/appStore.ts(78,29): error TS7006: Parameter 'updates' implicitly has an 'any' type.
src/stores/appStore.ts(81,31): error TS7006: Parameter 'config' implicitly has an 'any' type.
src/stores/appStore.ts(82,34): error TS7006: Parameter 'updates' implicitly has an 'any' type.
src/stores/appStore.ts(85,26): error TS7006: Parameter 'profile' implicitly has an 'any' type.
src/stores/appStore.ts(87,20): error TS7006: Parameter 'loading' implicitly has an 'any' type.
src/stores/appStore.ts(88,25): error TS7006: Parameter 'notification' implicitly has an 'any' type.
src/stores/appStore.ts(91,28): error TS7006: Parameter 'id' implicitly has an 'any' type.
src/stores/editorStore.ts(2,15): error TS2305: Module '"../types"' has no exported member 'AnalysisResult'.
src/stores/editorStore.ts(2,31): error TS2305: Module '"../types"' has no exported member 'TokenVisualization'.
src/stores/editorStore.ts(2,51): error TS2305: Module '"../types"' has no exported member 'ToolDefinition'.
src/stores/editorStore.ts(2,67): error TS2305: Module '"../types"' has no exported member 'SmartVariable'.
